<?xml version="1.0" encoding="UTF-8"?>
<!-- Generated by org.testng.reporters.JUnitXMLReporter -->
<testsuite ignored="0" hostname="LAPTOP-S7NI5D79" failures="0" tests="8" name="functional" time="0.107" errors="0" timestamp="2023-07-19T17:08:20 IST">
  <testcase classname="TrainingSamples.TestngD1four" name="blogintest" time="0.006"/>
  <testcase classname="TrainingSamples.TestngD1four" name="alogouttest" time="0.003"/>
  <testcase classname="TrainingSamples.TestngD1two" name="alogouttest" time="0.004"/>
  <testcase classname="TrainingSamples.TestngD1two" name="blogintest" time="0.001"/>
  <testcase classname="TrainingSamples.TestngD1three" name="blogintest" time="0.002"/>
  <testcase classname="TrainingSamples.TestngD1three" name="alogouttest" time="0.006"/>
  <testcase classname="TrainingSamples.TestngD1" name="logintest" time="0.004"/>
  <testcase classname="TrainingSamples.TestngD1" name="logouttest" time="0.002"/>
</testsuite> <!-- functional -->
