<?xml version="1.0" encoding="UTF-8"?>
<!-- Generated by org.testng.reporters.JUnitXMLReporter -->
<testsuite ignored="0" hostname="LAPTOP-S7NI5D79" failures="0" tests="4" name="Default test" time="0.077" errors="0" timestamp="2023-07-21T10:29:35 IST">
  <testcase classname="TrainingSamples.TestngD1twenty" name="reportertest1" time="0.01"/>
  <testcase classname="TrainingSamples.TestngD1twenty" name="reportertest2" time="0.003"/>
  <testcase classname="TrainingSamples.TestngD1twenty" name="reportertest3" time="0.004"/>
  <testcase classname="TrainingSamples.TestngD1twenty" name="reportertest4" time="0.004"/>
</testsuite> <!-- Default test -->
