<?xml version="1.0" encoding="UTF-8"?>
<!-- Generated by org.testng.reporters.JUnitXMLReporter -->
<testsuite ignored="4" hostname="LAPTOP-S7NI5D79" failures="0" tests="12" name="GRP-regression,smoke" time="0.182" errors="0" timestamp="2023-07-19T16:54:02 IST">
  <testcase classname="TrainingSamples.TestngD1ten" name="atest1" time="0.016"/>
  <testcase classname="TrainingSamples.TestngD1ten" name="btest2" time="0.007"/>
  <testcase classname="TrainingSamples.TestngD1ten" name="btest3" time="0.002"/>
  <testcase classname="listeners.testngD1eighteen" name="atest1" time="0.003"/>
  <testcase classname="listeners.testngD1eighteen" name="btest2" time="0.007"/>
  <testcase classname="listeners.testngD1eighteen" name="btest3" time="0.012"/>
  <testcase classname="TrainingSamples.TestngD1eight" name="atest1" time="0.002"/>
  <testcase classname="TrainingSamples.TestngD1eight" name="btest2" time="0.002"/>
  <testcase classname="TrainingSamples.TestngD1eight" name="btest3" time="0.004"/>
  <testcase classname="TrainingSamples.TestngD1eleven" name="atest1" time="0.004"/>
  <testcase classname="TrainingSamples.TestngD1eleven" name="btest2" time="0.002"/>
  <testcase classname="TrainingSamples.TestngD1eleven" name="btest3" time="0.003"/>
  <testcase classname="TrainingSamples.TestngD1ten" name="btest4" time="0.0">
    <ignored/>
  </testcase> <!-- btest4 -->
  <testcase classname="TrainingSamples.TestngD1eleven" name="btest4" time="0.0">
    <ignored/>
  </testcase> <!-- btest4 -->
  <testcase classname="listeners.testngD1eighteen" name="btest4" time="0.0">
    <ignored/>
  </testcase> <!-- btest4 -->
  <testcase classname="TrainingSamples.TestngD1eight" name="btest4" time="0.0">
    <ignored/>
  </testcase> <!-- btest4 -->
</testsuite> <!-- GRP-regression,smoke -->
