<?xml version="1.0" encoding="UTF-8"?>
<!-- Generated by org.testng.reporters.JUnitXMLReporter -->
<testsuite ignored="2" hostname="LAPTOP-S7NI5D79" failures="0" tests="2" name="GRP-smoke,bvt" time="0.046" errors="0" timestamp="2023-07-08T11:24:52 IST">
  <testcase classname="TrainingSamples.TestngD1eight" name="btest3" time="0.008"/>
  <testcase classname="TrainingSamples.TestngD1eight" name="btest4" time="0.002"/>
  <testcase classname="TrainingSamples.TestngD1eight" name="atest1" time="0.0">
    <ignored/>
  </testcase> <!-- atest1 -->
  <testcase classname="TrainingSamples.TestngD1eight" name="btest2" time="0.0">
    <ignored/>
  </testcase> <!-- btest2 -->
</testsuite> <!-- GRP-smoke,bvt -->
