<?xml version="1.0" encoding="UTF-8"?>
<!-- Generated by org.testng.reporters.JUnitXMLReporter -->
<testsuite ignored="12" hostname="LAPTOP-S7NI5D79" failures="0" tests="4" name="GRP-smoke" time="0.085" errors="0" timestamp="2023-07-17T19:41:48 IST">
  <testcase classname="TrainingSamples.TestngD1ten" name="btest3" time="0.012"/>
  <testcase classname="listeners.testngD1eighteen" name="btest3" time="0.003"/>
  <testcase classname="TrainingSamples.TestngD1eight" name="btest3" time="0.003"/>
  <testcase classname="TrainingSamples.TestngD1eleven" name="btest3" time="0.003"/>
  <testcase classname="TrainingSamples.TestngD1eight" name="btest4" time="0.0">
    <ignored/>
  </testcase> <!-- btest4 -->
  <testcase classname="TrainingSamples.TestngD1ten" name="atest1" time="0.0">
    <ignored/>
  </testcase> <!-- atest1 -->
  <testcase classname="TrainingSamples.TestngD1eight" name="btest2" time="0.0">
    <ignored/>
  </testcase> <!-- btest2 -->
  <testcase classname="TrainingSamples.TestngD1eleven" name="btest2" time="0.0">
    <ignored/>
  </testcase> <!-- btest2 -->
  <testcase classname="TrainingSamples.TestngD1ten" name="btest2" time="0.0">
    <ignored/>
  </testcase> <!-- btest2 -->
  <testcase classname="TrainingSamples.TestngD1ten" name="btest4" time="0.0">
    <ignored/>
  </testcase> <!-- btest4 -->
  <testcase classname="listeners.testngD1eighteen" name="btest2" time="0.0">
    <ignored/>
  </testcase> <!-- btest2 -->
  <testcase classname="TrainingSamples.TestngD1eight" name="atest1" time="0.0">
    <ignored/>
  </testcase> <!-- atest1 -->
  <testcase classname="listeners.testngD1eighteen" name="btest4" time="0.0">
    <ignored/>
  </testcase> <!-- btest4 -->
  <testcase classname="listeners.testngD1eighteen" name="atest1" time="0.0">
    <ignored/>
  </testcase> <!-- atest1 -->
  <testcase classname="TrainingSamples.TestngD1eleven" name="atest1" time="0.0">
    <ignored/>
  </testcase> <!-- atest1 -->
  <testcase classname="TrainingSamples.TestngD1eleven" name="btest4" time="0.0">
    <ignored/>
  </testcase> <!-- btest4 -->
</testsuite> <!-- GRP-smoke -->
