<?xml version="1.0" encoding="UTF-8"?>
<!-- Generated by org.testng.reporters.JUnitXMLReporter -->
<testsuite ignored="0" hostname="LAPTOP-S7NI5D79" failures="0" tests="4" name="GRP-user registration" time="0.074" errors="0" timestamp="2023-07-19T16:57:37 IST">
  <testcase classname="TrainingSamples.TestngD1eight" name="atest1" time="0.009"/>
  <testcase classname="TrainingSamples.TestngD1eight" name="btest2" time="0.004"/>
  <testcase classname="TrainingSamples.TestngD1eight" name="btest3" time="0.003"/>
  <testcase classname="TrainingSamples.TestngD1eight" name="btest4" time="0.002"/>
</testsuite> <!-- GRP-user registration -->
