<?xml version="1.0" encoding="UTF-8"?>
<!-- Generated by org.testng.reporters.JUnitXMLReporter -->
<testsuite ignored="0" hostname="LAPTOP-S7NI5D79" failures="0" tests="16" name="GRP-bvt,regression" time="0.191" errors="0" timestamp="2023-07-17T19:43:43 IST">
  <testcase classname="TrainingSamples.TestngD1ten" name="atest1" time="0.009"/>
  <testcase classname="TrainingSamples.TestngD1ten" name="btest2" time="0.004"/>
  <testcase classname="TrainingSamples.TestngD1ten" name="btest3" time="0.004"/>
  <testcase classname="TrainingSamples.TestngD1ten" name="btest4" time="0.002"/>
  <testcase classname="listeners.testngD1eighteen" name="atest1" time="0.005"/>
  <testcase classname="listeners.testngD1eighteen" name="btest2" time="0.003"/>
  <testcase classname="listeners.testngD1eighteen" name="btest3" time="0.002"/>
  <testcase classname="listeners.testngD1eighteen" name="btest4" time="0.005"/>
  <testcase classname="TrainingSamples.TestngD1eight" name="atest1" time="0.004"/>
  <testcase classname="TrainingSamples.TestngD1eight" name="btest2" time="0.001"/>
  <testcase classname="TrainingSamples.TestngD1eight" name="btest3" time="0.008"/>
  <testcase classname="TrainingSamples.TestngD1eight" name="btest4" time="0.002"/>
  <testcase classname="TrainingSamples.TestngD1eleven" name="atest1" time="0.006"/>
  <testcase classname="TrainingSamples.TestngD1eleven" name="btest2" time="0.003"/>
  <testcase classname="TrainingSamples.TestngD1eleven" name="btest3" time="0.002"/>
  <testcase classname="TrainingSamples.TestngD1eleven" name="btest4" time="0.002"/>
</testsuite> <!-- GRP-bvt,regression -->
