<?xml version="1.0" encoding="UTF-8"?>
<!-- Generated by org.testng.reporters.JUnitXMLReporter -->
<testsuite ignored="0" hostname="LAPTOP-S7NI5D79" failures="0" tests="5" name="Regression" time="4.554" errors="0" timestamp="2023-07-17T19:56:09 IST">
  <testcase classname="TrainingSamples.TestngD1eight" name="atest1" time="0.008"/>
  <testcase classname="TrainingSamples.TestngD1eight" name="btest2" time="0.001"/>
  <testcase classname="TrainingSamples.TestngD1eight" name="btest3" time="0.002"/>
  <testcase classname="TrainingSamples.TestngD1eight" name="btest4" time="0.003"/>
  <testcase classname="TrainingSamples.TestNGD1seven" name="titletest" time="4.485"/>
</testsuite> <!-- Regression -->
