<?xml version="1.0" encoding="UTF-8"?>
<!-- Generated by org.testng.reporters.JUnitXMLReporter -->
<testsuite ignored="0" hostname="LAPTOP-S7NI5D79" failures="1" tests="4" name="Test" time="0.086" errors="0" timestamp="2023-07-20T16:19:27 IST">
  <testcase classname="listeners.testngD1eighteen" name="atest1" time="0.019">
    <failure type="java.lang.AssertionError" message="expected [true] but found [false]">
      <![CDATA[java.lang.AssertionError: expected [true] but found [false]
at listeners.testngD1eighteen.atest1(testngD1eighteen.java:13)
at java.base/java.util.ArrayList.forEach(ArrayList.java:1511)
... Removed 29 stack frames]]>
    </failure>
  </testcase> <!-- atest1 -->
  <testcase classname="listeners.testngD1eighteen" name="btest2" time="0.002"/>
  <testcase classname="listeners.testngD1eighteen" name="btest3" time="0.003"/>
  <testcase classname="listeners.testngD1eighteen" name="btest4" time="0.003"/>
</testsuite> <!-- Test -->
