<?xml version="1.0" encoding="UTF-8"?>
<testng-results ignored="0" total="2" passed="2" failed="0" skipped="0">
  <reporter-output>
  </reporter-output>
  <suite started-at="2023-08-09T00:10:59 IST" name="Default suite" finished-at="2023-08-09T00:11:00 IST" duration-ms="52">
    <groups>
    </groups>
    <test started-at="2023-08-09T00:10:59 IST" name="Default test" finished-at="2023-08-09T00:11:00 IST" duration-ms="52">
      <class name="TrainingSamples.TestngD1">
        <test-method signature="logintest()[pri:0, instance:TrainingSamples.TestngD1@28701274]" started-at="2023-08-09T00:10:59 IST" name="logintest" finished-at="2023-08-09T00:10:59 IST" duration-ms="9" status="PASS">
          <reporter-output>
          </reporter-output>
        </test-method> <!-- logintest -->
        <test-method signature="logouttest()[pri:0, instance:TrainingSamples.TestngD1@28701274]" started-at="2023-08-09T00:11:00 IST" name="logouttest" finished-at="2023-08-09T00:11:00 IST" duration-ms="2" status="PASS">
          <reporter-output>
          </reporter-output>
        </test-method> <!-- logouttest -->
      </class> <!-- TrainingSamples.TestngD1 -->
    </test> <!-- Default test -->
  </suite> <!-- Default suite -->
</testng-results>
