<?xml version="1.0" encoding="UTF-8"?>
<!-- Generated by org.testng.reporters.JUnitXMLReporter -->
<testsuite ignored="0" hostname="LAPTOP-S7NI5D79" failures="0" tests="4" name="setup and teardown" time="0.058" errors="0" timestamp="2023-07-20T11:12:54 IST">
  <testcase classname="TrainingSamples.TestngD1eleven" name="atest1" time="0.005"/>
  <testcase classname="TrainingSamples.TestngD1eleven" name="btest2" time="0.002"/>
  <testcase classname="TrainingSamples.TestngD1eleven" name="btest3" time="0.002"/>
  <testcase classname="TrainingSamples.TestngD1eleven" name="btest4" time="0.002"/>
</testsuite> <!-- setup and teardown -->
